<?xml version="1.0" encoding="UTF-8"?>
<testsuite xmlns:xsi="http://www.w3.org/2001/XMLSchema-instance" xsi:noNamespaceSchemaLocation="https://maven.apache.org/surefire/maven-surefire-plugin/xsd/surefire-test-report.xsd" name="testRunner.Test_Runner" time="86.305" tests="7" errors="3" skipped="0" failures="0">
  <properties>
[...]
</properties>
  <testcase name="Successfully add a customer in the webpage" classname="Add customer" time="21.718"/>
  <testcase name="Successfully search a customer by email id" classname="Search customer" time="19.293"/>
  <testcase name="Successfully search a customer by Firstname and lastname" classname="Search customer" time="14.257"/>
  <testcase name="login with valid and Invalid credentials #1" classname="Test login functionality" time="12.727"/>
  <testcase name="login with valid and Invalid credentials #2" classname="Test login functionality" time="4.73">
    <error message="Invalid page with different title" type="java.lang.Exception">java.lang.Exception: Invalid page with different title
</error>
    <system-out><![CDATA[
Scenario Outline: login with valid and Invalid credentials                                 # Features/loginpage.feature:16
  Given user opens the browser                                                             # stepDefinitions.LoginSteps.user_opens_the_browser()
  When user opens the URL "https://admin-demo.nopcommerce.com/login"                       # stepDefinitions.LoginSteps.user_opens_the_URL(java.lang.String)
  And user enters email as "admin@yourstore.com" and password as "dcr"                     # stepDefinitions.LoginSteps.user_enters_email_as_and_password_as(java.lang.String,java.lang.String)
  And user click on login button                                                           # stepDefinitions.LoginSteps.user_click_on_login_button()
Expected: Dashboard / nopCommerce administration----------Actual: Your store. Login
  Then the page with title should be "Dashboard / nopCommerce administration" is displayed # stepDefinitions.LoginSteps.the_page_with_title_should_be_is_displayed(java.lang.String)
      java.lang.Exception: Invalid page with different title
	at stepDefinitions.LoginSteps.the_page_with_title_should_be_is_displayed(LoginSteps.java:46)
	at âœ½.the page with title should be "Dashboard / nopCommerce administration" is displayed(file:///C:/Users/chowd/eclipse-workspace/Cucumber-6-project/Features/loginpage.feature:8)

  When user clicks on the logout lik                                                       # stepDefinitions.LoginSteps.user_clicks_on_the_logout_lik()
  Then the page title should be "Your store. Login"                                        # stepDefinitions.LoginSteps.the_page_title_should_be(java.lang.String)
  And close the browser                                                                    # stepDefinitions.LoginSteps.close_the_browser()

    Embedding screenshot [image/png 66349 bytes]

]]></system-out>
    <system-err><![CDATA[Starting ChromeDriver 93.0.4577.15 (660fc11082ba57405eca2e8c49c3e1af756fbfae-refs/branch-heads/4577@{#203}) on port 37869
Only local connections are allowed.
Please see https://chromedriver.chromium.org/security-considerations for suggestions on keeping ChromeDriver safe.
ChromeDriver was started successfully.
[1634700441.037][WARNING]: This version of ChromeDriver has not been tested with Chrome version 94.
Oct 20, 2021 8:57:21 AM org.openqa.selenium.remote.ProtocolHandshake createSession
INFO: Detected dialect: W3C
]]></system-err>
  </testcase>
  <testcase name="login with valid and Invalid credentials #3" classname="Test login functionality" time="7.836">
    <error message="Invalid page with different title" type="java.lang.Exception">java.lang.Exception: Invalid page with different title
</error>
    <system-out><![CDATA[
Scenario Outline: login with valid and Invalid credentials                                 # Features/loginpage.feature:17
  Given user opens the browser                                                             # stepDefinitions.LoginSteps.user_opens_the_browser()
  When user opens the URL "https://admin-demo.nopcommerce.com/login"                       # stepDefinitions.LoginSteps.user_opens_the_URL(java.lang.String)
  And user enters email as "dcr@gmail.com" and password as "admin"                         # stepDefinitions.LoginSteps.user_enters_email_as_and_password_as(java.lang.String,java.lang.String)
  And user click on login button                                                           # stepDefinitions.LoginSteps.user_click_on_login_button()
Expected: Dashboard / nopCommerce administration----------Actual: Your store. Login
  Then the page with title should be "Dashboard / nopCommerce administration" is displayed # stepDefinitions.LoginSteps.the_page_with_title_should_be_is_displayed(java.lang.String)
      java.lang.Exception: Invalid page with different title
	at stepDefinitions.LoginSteps.the_page_with_title_should_be_is_displayed(LoginSteps.java:46)
	at âœ½.the page with title should be "Dashboard / nopCommerce administration" is displayed(file:///C:/Users/chowd/eclipse-workspace/Cucumber-6-project/Features/loginpage.feature:8)

  When user clicks on the logout lik                                                       # stepDefinitions.LoginSteps.user_clicks_on_the_logout_lik()
  Then the page title should be "Your store. Login"                                        # stepDefinitions.LoginSteps.the_page_title_should_be(java.lang.String)
  And close the browser                                                                    # stepDefinitions.LoginSteps.close_the_browser()

    Embedding screenshot [image/png 64905 bytes]

]]></system-out>
    <system-err><![CDATA[Starting ChromeDriver 93.0.4577.15 (660fc11082ba57405eca2e8c49c3e1af756fbfae-refs/branch-heads/4577@{#203}) on port 37548
Only local connections are allowed.
Please see https://chromedriver.chromium.org/security-considerations for suggestions on keeping ChromeDriver safe.
ChromeDriver was started successfully.
[1634700445.768][WARNING]: This version of ChromeDriver has not been tested with Chrome version 94.
Oct 20, 2021 8:57:25 AM org.openqa.selenium.remote.ProtocolHandshake createSession
INFO: Detected dialect: W3C
]]></system-err>
  </testcase>
  <testcase name="login with valid and Invalid credentials #4" classname="Test login functionality" time="4.838">
    <error message="Invalid page with different title" type="java.lang.Exception">java.lang.Exception: Invalid page with different title
</error>
    <system-out><![CDATA[
Scenario Outline: login with valid and Invalid credentials                                 # Features/loginpage.feature:18
  Given user opens the browser                                                             # stepDefinitions.LoginSteps.user_opens_the_browser()
  When user opens the URL "https://admin-demo.nopcommerce.com/login"                       # stepDefinitions.LoginSteps.user_opens_the_URL(java.lang.String)
  And user enters email as "dcr@gmail.com" and password as "dcr"                           # stepDefinitions.LoginSteps.user_enters_email_as_and_password_as(java.lang.String,java.lang.String)
  And user click on login button                                                           # stepDefinitions.LoginSteps.user_click_on_login_button()
Expected: Dashboard / nopCommerce administration----------Actual: Your store. Login
  Then the page with title should be "Dashboard / nopCommerce administration" is displayed # stepDefinitions.LoginSteps.the_page_with_title_should_be_is_displayed(java.lang.String)
      java.lang.Exception: Invalid page with different title
	at stepDefinitions.LoginSteps.the_page_with_title_should_be_is_displayed(LoginSteps.java:46)
	at âœ½.the page with title should be "Dashboard / nopCommerce administration" is displayed(file:///C:/Users/chowd/eclipse-workspace/Cucumber-6-project/Features/loginpage.feature:8)

  When user clicks on the logout lik                                                       # stepDefinitions.LoginSteps.user_clicks_on_the_logout_lik()
  Then the page title should be "Your store. Login"                                        # stepDefinitions.LoginSteps.the_page_title_should_be(java.lang.String)
  And close the browser                                                                    # stepDefinitions.LoginSteps.close_the_browser()

    Embedding screenshot [image/png 64905 bytes]

]]></system-out>
    <system-err><![CDATA[Starting ChromeDriver 93.0.4577.15 (660fc11082ba57405eca2e8c49c3e1af756fbfae-refs/branch-heads/4577@{#203}) on port 32001
Only local connections are allowed.
Please see https://chromedriver.chromium.org/security-considerations for suggestions on keeping ChromeDriver safe.
ChromeDriver was started successfully.
[1634700453.590][WARNING]: This version of ChromeDriver has not been tested with Chrome version 94.
Oct 20, 2021 8:57:33 AM org.openqa.selenium.remote.ProtocolHandshake createSession
INFO: Detected dialect: W3C
]]></system-err>
  </testcase>
</testsuite>